<?xml version="1.0" encoding="UTF-8"?>
<!-- Generated by org.testng.reporters.JUnitReportReporter -->
<testsuite hostname="vdesharaju10" name="testcases.UATSuite" tests="1" failures="0" timestamp="12 Jun 2019 22:10:31 GMT" time="9.831" errors="0">
  <testcase name="UATSuite" time="9.831" classname="testcases.UATSuite"/>
</testsuite> <!-- testcases.UATSuite -->
