<?xml version="1.0" encoding="UTF-8"?>
<!-- Generated by org.testng.reporters.JUnitReportReporter -->
<testsuite hostname="vdesharaju10" name="testcases.UATSuite" tests="1" failures="0" timestamp="19 Jun 2019 03:30:35 GMT" time="13.192" errors="0">
  <testcase name="UATSuite" time="13.192" classname="testcases.UATSuite"/>
</testsuite> <!-- testcases.UATSuite -->
